<?xml version="1.0" encoding="UTF-8"?>
<testng-results skipped="0" failed="0" total="2" passed="2">
  <reporter-output>
  </reporter-output>
  <suite name="Regression Suit" duration-ms="70385" started-at="2018-02-18T19:37:09Z" finished-at="2018-02-18T19:38:20Z">
    <groups>
    </groups>
    <test name="Test" duration-ms="70385" started-at="2018-02-18T19:37:09Z" finished-at="2018-02-18T19:38:20Z">
      <class name="com.synechron.mktx.testscripts.TC002_testLogin">
        <test-method status="PASS" signature="SETUP()[pri:0, instance:com.synechron.mktx.testscripts.TC002_testLogin@29774679]" name="SETUP" is-config="true" duration-ms="15296" started-at="2018-02-19T01:07:35Z" finished-at="2018-02-19T01:07:50Z">
          <reporter-output>
          </reporter-output>
        </test-method> <!-- SETUP -->
        <test-method status="PASS" signature="testRegistration()[pri:0, instance:com.synechron.mktx.testscripts.TC002_testLogin@29774679]" name="testRegistration" duration-ms="28577" started-at="2018-02-19T01:07:50Z" finished-at="2018-02-19T01:08:19Z">
          <reporter-output>
          </reporter-output>
        </test-method> <!-- testRegistration -->
        <test-method status="PASS" signature="quitBrowse()[pri:0, instance:com.synechron.mktx.testscripts.TC002_testLogin@29774679]" name="quitBrowse" is-config="true" duration-ms="922" started-at="2018-02-19T01:08:19Z" finished-at="2018-02-19T01:08:20Z">
          <reporter-output>
          </reporter-output>
        </test-method> <!-- quitBrowse -->
      </class> <!-- com.synechron.mktx.testscripts.TC002_testLogin -->
      <class name="com.synechron.mktx.testscripts.TC001_testLogin">
        <test-method status="PASS" signature="SETUP()[pri:0, instance:com.synechron.mktx.testscripts.TC001_testLogin@1bce4f0a]" name="SETUP" is-config="true" duration-ms="16738" started-at="2018-02-19T01:07:09Z" finished-at="2018-02-19T01:07:26Z">
          <reporter-output>
          </reporter-output>
        </test-method> <!-- SETUP -->
        <test-method status="PASS" signature="testLogin()[pri:0, instance:com.synechron.mktx.testscripts.TC001_testLogin@1bce4f0a]" name="testLogin" duration-ms="7447" started-at="2018-02-19T01:07:26Z" finished-at="2018-02-19T01:07:34Z">
          <reporter-output>
          </reporter-output>
        </test-method> <!-- testLogin -->
        <test-method status="PASS" signature="quitebrowser()[pri:0, instance:com.synechron.mktx.testscripts.TC001_testLogin@1bce4f0a]" name="quitebrowser" is-config="true" duration-ms="1380" started-at="2018-02-19T01:07:34Z" finished-at="2018-02-19T01:07:35Z">
          <reporter-output>
          </reporter-output>
        </test-method> <!-- quitebrowser -->
      </class> <!-- com.synechron.mktx.testscripts.TC001_testLogin -->
    </test> <!-- Test -->
  </suite> <!-- Regression Suit -->
</testng-results>
