<?xml version="1.0" encoding="UTF-8"?>
<testng-results skipped="0" failed="0" total="0" passed="0">
  <reporter-output>
  </reporter-output>
  <suite name="com.synechron.mktx.testbase.TestBase" duration-ms="5" started-at="2018-02-04T18:21:22Z" finished-at="2018-02-04T18:21:22Z">
    <groups>
    </groups>
    <test name="Command line test" duration-ms="5" started-at="2018-02-04T18:21:22Z" finished-at="2018-02-04T18:21:22Z">
    </test> <!-- Command line test -->
  </suite> <!-- com.synechron.mktx.testbase.TestBase -->
</testng-results>
